#
# There is insufficient memory for the Java Runtime Environment to continue.
# Native memory allocation (malloc) failed to allocate 32744 bytes for ChunkPool::allocate
# Possible reasons:
#   The system is out of physical RAM or swap space
#   The process is running with CompressedOops enabled, and the Java Heap may be blocking the growth of the native heap
# Possible solutions:
#   Reduce memory load on the system
#   Increase physical memory or swap space
#   Check if swap backing store is full
#   Decrease Java heap size (-Xmx/-Xms)
#   Decrease number of Java threads
#   Decrease Java thread stack sizes (-Xss)
#   Set larger code cache with -XX:ReservedCodeCacheSize=
#   JVM is running with Zero Based Compressed Oops mode in which the Java heap is
#     placed in the first 32GB address space. The Java Heap base address is the
#     maximum limit for the native heap growth. Please use -XX:HeapBaseMinAddress
#     to set the Java Heap base and to place the Java Heap above 32GB virtual address.
# This output file may be truncated or incomplete.
#
#  Out of Memory Error (./src/hotspot/share/memory/arena.cpp:81), pid=20992, tid=14552
#
# JRE version: OpenJDK Runtime Environment (11.0.11+9) (build 11.0.11+9-b60-7590822)
# Java VM: OpenJDK 64-Bit Server VM (11.0.11+9-b60-7590822, mixed mode, tiered, compressed oops, g1 gc, windows-amd64)
# No core dump will be written. Minidumps are not enabled by default on client versions of Windows
#

---------------  S U M M A R Y ------------

Command Line: org.jetbrains.kotlin.cli.jvm.K2JVMCompiler @C:\work\TestOll\app\build\20220214_13496678415057107472.compiler.options

Host: Intel(R) Core(TM) i5-8400 CPU @ 2.80GHz, 6 cores, 15G,  Windows 10 , 64 bit Build 19041 (10.0.19041.804)
Time: Mon Feb 14 12:10:51 2022 Финляндия (зима) elapsed time: 2.260670 seconds (0d 0h 0m 2s)

---------------  T H R E A D  ---------------

Current thread (0x0000023e43947800):  JavaThread "main" [_thread_in_vm, id=14552, stack(0x000000d5e4c00000,0x000000d5e4d00000)]

Stack: [0x000000d5e4c00000,0x000000d5e4d00000]
Native frames: (J=compiled Java code, j=interpreted, Vv=VM code, C=native code)
V  [jvm.dll+0x5f214a]
V  [jvm.dll+0x726fb5]
V  [jvm.dll+0x7285cd]
V  [jvm.dll+0x728c83]
V  [jvm.dll+0x243278]
V  [jvm.dll+0xbc78b]
V  [jvm.dll+0xbca3c]
V  [jvm.dll+0x5ae226]
V  [jvm.dll+0x5acc10]
V  [jvm.dll+0x5af1ec]
V  [jvm.dll+0x5af436]
V  [jvm.dll+0x5aec2f]
V  [jvm.dll+0x5ac8ed]
V  [jvm.dll+0x5a6535]
V  [jvm.dll+0x6f7921]
V  [jvm.dll+0x6f8605]
V  [jvm.dll+0x6f79fa]
V  [jvm.dll+0x36d69d]
V  [jvm.dll+0x36d47d]
C  0x0000023e4744e32f

Java frames: (J=compiled Java code, j=interpreted, Vv=VM code)
j  org.jetbrains.kotlin.protobuf.FieldSet.writeElementNoTag(Lorg/jetbrains/kotlin/protobuf/CodedOutputStream;Lorg/jetbrains/kotlin/protobuf/WireFormat$FieldType;Ljava/lang/Object;)V+0
j  org.jetbrains.kotlin.protobuf.FieldSet.writeElement(Lorg/jetbrains/kotlin/protobuf/CodedOutputStream;Lorg/jetbrains/kotlin/protobuf/WireFormat$FieldType;ILjava/lang/Object;)V+32
j  org.jetbrains.kotlin.protobuf.FieldSet.writeField(Lorg/jetbrains/kotlin/protobuf/FieldSet$FieldDescriptorLite;Ljava/lang/Object;Lorg/jetbrains/kotlin/protobuf/CodedOutputStream;)V+172
J 3239 c1 org.jetbrains.kotlin.protobuf.GeneratedMessageLite$ExtendableMessage$ExtensionWriter.writeUntil(ILorg/jetbrains/kotlin/protobuf/CodedOutputStream;)V (140 bytes) @ 0x0000023e47fecbac [0x0000023e47fec480+0x000000000000072c]

[error occurred during error reporting (printing Java stack), id 0xe0000001, Out of Memory Error (./src/hotspot/share/memory/arena.cpp:81)]


---------------  P R O C E S S  ---------------

Threads class SMR info:
_java_thread_list=0x0000023e6306cd50, length=11, elements={
0x0000023e43947800, 0x0000023e62e91800, 0x0000023e62e9b000, 0x0000023e62eef800,
0x0000023e62ef2800, 0x0000023e62ef4000, 0x0000023e62ef7000, 0x0000023e62ef9000,
0x0000023e62f08800, 0x0000023e63078000, 0x0000023e6306e800
}

Java Threads: ( => current thread )
=>0x0000023e43947800 JavaThread "main" [_thread_in_vm, id=14552, stack(0x000000d5e4c00000,0x000000d5e4d00000)]
  0x0000023e62e91800 JavaThread "Reference Handler" daemon [_thread_blocked, id=20420, stack(0x000000d5e5300000,0x000000d5e5400000)]
  0x0000023e62e9b000 JavaThread "Finalizer" daemon [_thread_blocked, id=4060, stack(0x000000d5e5400000,0x000000d5e5500000)]
  0x0000023e62eef800 JavaThread "Signal Dispatcher" daemon [_thread_blocked, id=13160, stack(0x000000d5e5500000,0x000000d5e5600000)]
  0x0000023e62ef2800 JavaThread "Attach Listener" daemon [_thread_blocked, id=8184, stack(0x000000d5e5600000,0x000000d5e5700000)]
  0x0000023e62ef4000 JavaThread "Service Thread" daemon [_thread_blocked, id=10652, stack(0x000000d5e5700000,0x000000d5e5800000)]
  0x0000023e62ef7000 JavaThread "C2 CompilerThread0" daemon [_thread_in_native, id=13620, stack(0x000000d5e5800000,0x000000d5e5900000)]
  0x0000023e62ef9000 JavaThread "C1 CompilerThread0" daemon [_thread_in_native, id=1908, stack(0x000000d5e5900000,0x000000d5e5a00000)]
  0x0000023e62f08800 JavaThread "Sweeper thread" daemon [_thread_blocked, id=13020, stack(0x000000d5e5a00000,0x000000d5e5b00000)]
  0x0000023e63078000 JavaThread "Common-Cleaner" daemon [_thread_blocked, id=18416, stack(0x000000d5e5c00000,0x000000d5e5d00000)]
  0x0000023e6306e800 JavaThread "C2 CompilerThread1" daemon [_thread_in_native, id=16816, stack(0x000000d5e5d00000,0x000000d5e5e00000)]

Other Threads:
  0x0000023e62e6d000 VMThread "VM Thread" [stack: 0x000000d5e5200000,0x000000d5e5300000] [id=14944]
  0x0000023e6306d800 WatcherThread [stack: 0x000000d5e5b00000,0x000000d5e5c00000] [id=19496]
  0x0000023e43961000 GCTaskThread "GC Thread#0" [stack: 0x000000d5e4d00000,0x000000d5e4e00000] [id=13220]
  0x0000023e6377e800 GCTaskThread "GC Thread#1" [stack: 0x000000d5e5e00000,0x000000d5e5f00000] [id=19928]
  0x0000023e63780800 GCTaskThread "GC Thread#2" [stack: 0x000000d5e5f00000,0x000000d5e6000000] [id=25120]
  0x0000023e63792000 GCTaskThread "GC Thread#3" [stack: 0x000000d5e6000000,0x000000d5e6100000] [id=13016]
  0x0000023e63792800 GCTaskThread "GC Thread#4" [stack: 0x000000d5e6100000,0x000000d5e6200000] [id=10300]
  0x0000023e63797800 GCTaskThread "GC Thread#5" [stack: 0x000000d5e6200000,0x000000d5e6300000] [id=12360]
  0x0000023e439bd800 ConcurrentGCThread "G1 Main Marker" [stack: 0x000000d5e4e00000,0x000000d5e4f00000] [id=23800]
  0x0000023e439c2000 ConcurrentGCThread "G1 Conc#0" [stack: 0x000000d5e4f00000,0x000000d5e5000000] [id=5728]
  0x0000023e63a3f800 ConcurrentGCThread "G1 Conc#1" [stack: 0x000000d5e6300000,0x000000d5e6400000] [id=15596]
  0x0000023e624d0000 ConcurrentGCThread "G1 Refine#0" [stack: 0x000000d5e5000000,0x000000d5e5100000] [id=18848]
  0x0000023e64117000 ConcurrentGCThread "G1 Refine#1" [stack: 0x000000d5e6400000,0x000000d5e6500000] [id=23144]
  0x0000023e641e5800 ConcurrentGCThread "G1 Refine#2" [stack: 0x000000d5e6500000,0x000000d5e6600000] [id=2844]
  0x0000023e641e7800 ConcurrentGCThread "G1 Refine#3" [stack: 0x000000d5e6600000,0x000000d5e6700000] [id=4044]
  0x0000023e624d1800 ConcurrentGCThread "G1 Young RemSet Sampling" [stack: 0x000000d5e5100000,0x000000d5e5200000] [id=20284]

Threads with active compile tasks:
C2 CompilerThread0   2277 3070       4      
[error occurred during error reporting (printing all threads), id 0xe0000001, Out of Memory Error (./src/hotspot/share/memory/arena.cpp:81)]

VM state:not at safepoint (normal execution)

VM Mutex/Monitor currently owned by a thread:  ([mutex/lock_event])
[0x0000023e43945db0] MethodData_lock - owner thread: 0x0000023e43947800

Heap address: 0x0000000701e00000, size: 4066 MB, Compressed Oops mode: Zero based, Oop shift amount: 3
Narrow klass base: 0x0000000800000000, Narrow klass shift: 0
Compressed class space size: 1073741824 Address: 0x0000000800000000

Heap:
 garbage-first heap   total 315392K, used 85455K [0x0000000701e00000, 0x0000000800000000)
  region size 1024K, 65 young (66560K), 2 survivors (2048K)
 Metaspace       used 47241K, capacity 47768K, committed 47792K, reserved 1091584K
  class space    used 5653K, capacity 5884K, committed 5888K, reserved 1048576K
Heap Regions: E=young(eden), S=young(survivor), O=old, HS=humongous(starts), HC=humongous(continues), CS=collection set, F=free, A=archive, TAMS=top-at-mark-start (previous, next)
|   0|0x0000000701e00000, 0x0000000701f00000, 0x0000000701f00000|100%|HS|  |TAMS 0x0000000701f00000, 0x0000000701e00000| Complete 
|   1|0x0000000701f00000, 0x0000000702000000, 0x0000000702000000|100%|HC|  |TAMS 0x0000000702000000, 0x0000000701f00000| Complete 
|   2|0x0000000702000000, 0x0000000702100000, 0x0000000702100000|100%|HC|  |TAMS 0x0000000702100000, 0x0000000702000000| Complete 
|   3|0x0000000702100000, 0x0000000702200000, 0x0000000702200000|100%|HS|  |TAMS 0x0000000702200000, 0x0000000702100000| Complete 
|   4|0x0000000702200000, 0x0000000702300000, 0x0000000702300000|100%|HC|  |TAMS 0x0000000702300000, 0x0000000702200000| Complete 
|   5|0x0000000702300000, 0x0000000702400000, 0x0000000702400000|100%|HC|  |TAMS 0x0000000702400000, 0x0000000702300000| Complete 
|   6|0x0000000702400000, 0x0000000702500000, 0x0000000702500000|100%|HS|  |TAMS 0x0000000702400000, 0x0000000702400000| Complete 
|   7|0x0000000702500000, 0x0000000702500000, 0x0000000702600000|  0%| F|  |TAMS 0x0000000702500000, 0x0000000702500000| Untracked 
|   8|0x0000000702600000, 0x0000000702700000, 0x0000000702700000|100%| O|  |TAMS 0x0000000702700000, 0x0000000702600000| Untracked 
|   9|0x0000000702700000, 0x0000000702800000, 0x0000000702800000|100%| O|  |TAMS 0x0000000702800000, 0x0000000702700000| Untracked 
|  10|0x0000000702800000, 0x0000000702900000, 0x0000000702900000|100%| O|  |TAMS 0x0000000702900000, 0x0000000702800000| Untracked 
|  11|0x0000000702900000, 0x0000000702a00000, 0x0000000702a00000|100%| O|  |TAMS 0x0000000702a00000, 0x0000000702900000| Untracked 
|  12|0x0000000702a00000, 0x0000000702b00000, 0x0000000702b00000|100%| O|  |TAMS 0x0000000702a98400, 0x0000000702a00000| Untracked 
|  13|0x0000000702b00000, 0x0000000702c00000, 0x0000000702c00000|100%| O|  |TAMS 0x0000000702b00000, 0x0000000702b00000| Untracked 
|  14|0x0000000702c00000, 0x0000000702d00000, 0x0000000702d00000|100%| O|  |TAMS 0x0000000702c00000, 0x0000000702c00000| Untracked 
|  15|0x0000000702d00000, 0x0000000702e00000, 0x0000000702e00000|100%| O|  |TAMS 0x0000000702d00000, 0x0000000702d00000| Untracked 
|  16|0x0000000702e00000, 0x0000000702f00000, 0x0000000702f00000|100%| O|  |TAMS 0x0000000702e00000, 0x0000000702e00000| Untracked 
|  17|0x0000000702f00000, 0x0000000703000000, 0x0000000703000000|100%| O|  |TAMS 0x0000000702f00000, 0x0000000702f00000| Untracked 
|  18|0x0000000703000000, 0x0000000703100000, 0x0000000703100000|100%| O|  |TAMS 0x0000000703000000, 0x0000000703000000| Untracked 
|  19|0x0000000703100000, 0x0000000703200000, 0x0000000703200000|100%| O|  |TAMS 0x0000000703100000, 0x0000000703100000| Untracked 
|  20|0x0000000703200000, 0x0000000703273c00, 0x0000000703300000| 45%| O|  |TAMS 0x0000000703200000, 0x0000000703200000| Untracked 
|  21|0x0000000703300000, 0x0000000703300000, 0x0000000703400000|  0%| F|  |TAMS 0x0000000703300000, 0x0000000703300000| Untracked 
|  22|0x0000000703400000, 0x0000000703400000, 0x0000000703500000|  0%| F|  |TAMS 0x0000000703400000, 0x0000000703400000| Untracked 
|  23|0x0000000703500000, 0x0000000703500000, 0x0000000703600000|  0%| F|  |TAMS 0x0000000703500000, 0x0000000703500000| Untracked 
|  24|0x0000000703600000, 0x0000000703600000, 0x0000000703700000|  0%| F|  |TAMS 0x0000000703600000, 0x0000000703600000| Untracked 
|  25|0x0000000703700000, 0x0000000703700000, 0x0000000703800000|  0%| F|  |TAMS 0x0000000703700000, 0x0000000703700000| Untracked 
|  26|0x0000000703800000, 0x0000000703800000, 0x0000000703900000|  0%| F|  |TAMS 0x0000000703800000, 0x0000000703800000| Untracked 
|  27|0x0000000703900000, 0x0000000703900000, 0x0000000703a00000|  0%| F|  |TAMS 0x0000000703900000, 0x0000000703900000| Untracked 
|  28|0x0000000703a00000, 0x0000000703a00000, 0x0000000703b00000|  0%| F|  |TAMS 0x0000000703a00000, 0x0000000703a00000| Untracked 
|  29|0x0000000703b00000, 0x0000000703b00000, 0x0000000703c00000|  0%| F|  |TAMS 0x0000000703b00000, 0x0000000703b00000| Untracked 
|  30|0x0000000703c00000, 0x0000000703c00000, 0x0000000703d00000|  0%| F|  |TAMS 0x0000000703c00000, 0x0000000703c00000| Untracked 
|  31|0x0000000703d00000, 0x0000000703d00000, 0x0000000703e00000|  0%| F|  |TAMS 0x0000000703d00000, 0x0000000703d00000| Untracked 
|  32|0x0000000703e00000, 0x0000000703e00000, 0x0000000703f00000|  0%| F|  |TAMS 0x0000000703e00000, 0x0000000703e00000| Untracked 
|  33|0x0000000703f00000, 0x0000000703f00000, 0x0000000704000000|  0%| F|  |TAMS 0x0000000703f00000, 0x0000000703f00000| Untracked 
|  34|0x0000000704000000, 0x0000000704000000, 0x0000000704100000|  0%| F|  |TAMS 0x0000000704000000, 0x0000000704000000| Untracked 
|  35|0x0000000704100000, 0x0000000704100000, 0x0000000704200000|  0%| F|  |TAMS 0x0000000704100000, 0x0000000704100000| Untracked 
|  36|0x0000000704200000, 0x0000000704200000, 0x0000000704300000|  0%| F|  |TAMS 0x0000000704200000, 0x0000000704200000| Untracked 
|  37|0x0000000704300000, 0x0000000704300000, 0x0000000704400000|  0%| F|  |TAMS 0x0000000704300000, 0x0000000704300000| Untracked 
|  38|0x0000000704400000, 0x0000000704400000, 0x0000000704500000|  0%| F|  |TAMS 0x0000000704400000, 0x0000000704400000| Untracked 
|  39|0x0000000704500000, 0x0000000704500000, 0x0000000704600000|  0%| F|  |TAMS 0x0000000704500000, 0x0000000704500000| Untracked 
|  40|0x0000000704600000, 0x0000000704600000, 0x0000000704700000|  0%| F|  |TAMS 0x0000000704600000, 0x0000000704600000| Untracked 
|  41|0x0000000704700000, 0x0000000704700000, 0x0000000704800000|  0%| F|  |TAMS 0x0000000704700000, 0x0000000704700000| Untracked 
|  42|0x0000000704800000, 0x0000000704800000, 0x0000000704900000|  0%| F|  |TAMS 0x0000000704800000, 0x0000000704800000| Untracked 
|  43|0x0000000704900000, 0x0000000704900000, 0x0000000704a00000|  0%| F|  |TAMS 0x0000000704900000, 0x0000000704900000| Untracked 
|  44|0x0000000704a00000, 0x0000000704a00000, 0x0000000704b00000|  0%| F|  |TAMS 0x0000000704a00000, 0x0000000704a00000| Untracked 
|  45|0x0000000704b00000, 0x0000000704b00000, 0x0000000704c00000|  0%| F|  |TAMS 0x0000000704b00000, 0x0000000704b00000| Untracked 
|  46|0x0000000704c00000, 0x0000000704c00000, 0x0000000704d00000|  0%| F|  |TAMS 0x0000000704c00000, 0x0000000704c00000| Untracked 
|  47|0x0000000704d00000, 0x0000000704d00000, 0x0000000704e00000|  0%| F|  |TAMS 0x0000000704d00000, 0x0000000704d00000| Untracked 
|  48|0x0000000704e00000, 0x0000000704e00000, 0x0000000704f00000|  0%| F|  |TAMS 0x0000000704e00000, 0x0000000704e00000| Untracked 
|  49|0x0000000704f00000, 0x0000000704f00000, 0x0000000705000000|  0%| F|  |TAMS 0x0000000704f00000, 0x0000000704f00000| Untracked 
|  50|0x0000000705000000, 0x0000000705000000, 0x0000000705100000|  0%| F|  |TAMS 0x0000000705000000, 0x0000000705000000| Untracked 
|  51|0x0000000705100000, 0x0000000705100000, 0x0000000705200000|  0%| F|  |TAMS 0x0000000705100000, 0x0000000705100000| Untracked 
|  52|0x0000000705200000, 0x0000000705200000, 0x0000000705300000|  0%| F|  |TAMS 0x0000000705200000, 0x0000000705200000| Untracked 
|  53|0x0000000705300000, 0x0000000705300000, 0x0000000705400000|  0%| F|  |TAMS 0x0000000705300000, 0x0000000705300000| Untracked 
|  54|0x0000000705400000, 0x0000000705400000, 0x0000000705500000|  0%| F|  |TAMS 0x0000000705400000, 0x0000000705400000| Untracked 
|  55|0x0000000705500000, 0x0000000705500000, 0x0000000705600000|  0%| F|  |TAMS 0x0000000705500000, 0x0000000705500000| Untracked 
|  56|0x0000000705600000, 0x0000000705600000, 0x0000000705700000|  0%| F|  |TAMS 0x0000000705600000, 0x0000000705600000| Untracked 
|  57|0x0000000705700000, 0x0000000705700000, 0x0000000705800000|  0%| F|  |TAMS 0x0000000705700000, 0x0000000705700000| Untracked 
|  58|0x0000000705800000, 0x0000000705800000, 0x0000000705900000|  0%| F|  |TAMS 0x0000000705800000, 0x0000000705800000| Untracked 
|  59|0x0000000705900000, 0x0000000705900000, 0x0000000705a00000|  0%| F|  |TAMS 0x0000000705900000, 0x0000000705900000| Untracked 
|  60|0x0000000705a00000, 0x0000000705a00000, 0x0000000705b00000|  0%| F|  |TAMS 0x0000000705a00000, 0x0000000705a00000| Untracked 
|  61|0x0000000705b00000, 0x0000000705b00000, 0x0000000705c00000|  0%| F|  |TAMS 0x0000000705b00000, 0x0000000705b00000| Untracked 
|  62|0x0000000705c00000, 0x0000000705c00000, 0x0000000705d00000|  0%| F|  |TAMS 0x0000000705c00000, 0x0000000705c00000| Untracked 
|  63|0x0000000705d00000, 0x0000000705d00000, 0x0000000705e00000|  0%| F|  |TAMS 0x0000000705d00000, 0x0000000705d00000| Untracked 
|  64|0x0000000705e00000, 0x0000000705e00000, 0x0000000705f00000|  0%| F|  |TAMS 0x0000000705e00000, 0x0000000705e00000| Untracked 
|  65|0x0000000705f00000, 0x0000000705f00000, 0x0000000706000000|  0%| F|  |TAMS 0x0000000705f00000, 0x0000000705f00000| Untracked 
|  66|0x0000000706000000, 0x0000000706000000, 0x0000000706100000|  0%| F|  |TAMS 0x0000000706000000, 0x0000000706000000| Untracked 
|  67|0x0000000706100000, 0x0000000706100000, 0x0000000706200000|  0%| F|  |TAMS 0x0000000706100000, 0x0000000706100000| Untracked 
|  68|0x0000000706200000, 0x0000000706200000, 0x0000000706300000|  0%| F|  |TAMS 0x0000000706200000, 0x0000000706200000| Untracked 
|  69|0x0000000706300000, 0x0000000706300000, 0x0000000706400000|  0%| F|  |TAMS 0x0000000706300000, 0x0000000706300000| Untracked 
|  70|0x0000000706400000, 0x0000000706400000, 0x0000000706500000|  0%| F|  |TAMS 0x0000000706400000, 0x0000000706400000| Untracked 
|  71|0x0000000706500000, 0x0000000706500000, 0x0000000706600000|  0%| F|  |TAMS 0x0000000706500000, 0x0000000706500000| Untracked 
|  72|0x0000000706600000, 0x0000000706600000, 0x0000000706700000|  0%| F|  |TAMS 0x0000000706600000, 0x0000000706600000| Untracked 
|  73|0x0000000706700000, 0x0000000706700000, 0x0000000706800000|  0%| F|  |TAMS 0x0000000706700000, 0x0000000706700000| Untracked 
|  74|0x0000000706800000, 0x0000000706800000, 0x0000000706900000|  0%| F|  |TAMS 0x0000000706800000, 0x0000000706800000| Untracked 
|  75|0x0000000706900000, 0x0000000706900000, 0x0000000706a00000|  0%| F|  |TAMS 0x0000000706900000, 0x0000000706900000| Untracked 
|  76|0x0000000706a00000, 0x0000000706a00000, 0x0000000706b00000|  0%| F|  |TAMS 0x0000000706a00000, 0x0000000706a00000| Untracked 
|  77|0x0000000706b00000, 0x0000000706b00000, 0x0000000706c00000|  0%| F|  |TAMS 0x0000000706b00000, 0x0000000706b00000| Untracked 
|  78|0x0000000706c00000, 0x0000000706c00000, 0x0000000706d00000|  0%| F|  |TAMS 0x0000000706c00000, 0x0000000706c00000| Untracked 
|  79|0x0000000706d00000, 0x0000000706d00000, 0x0000000706e00000|  0%| F|  |TAMS 0x0000000706d00000, 0x0000000706d00000| Untracked 
|  80|0x0000000706e00000, 0x0000000706e00000, 0x0000000706f00000|  0%| F|  |TAMS 0x0000000706e00000, 0x0000000706e00000| Untracked 
|  81|0x0000000706f00000, 0x0000000706f00000, 0x0000000707000000|  0%| F|  |TAMS 0x0000000706f00000, 0x0000000706f00000| Untracked 
|  82|0x0000000707000000, 0x0000000707000000, 0x0000000707100000|  0%| F|  |TAMS 0x0000000707000000, 0x0000000707000000| Untracked 
|  83|0x0000000707100000, 0x0000000707100000, 0x0000000707200000|  0%| F|  |TAMS 0x0000000707100000, 0x0000000707100000| Untracked 
|  84|0x0000000707200000, 0x0000000707200000, 0x0000000707300000|  0%| F|  |TAMS 0x0000000707200000, 0x0000000707200000| Untracked 
|  85|0x0000000707300000, 0x0000000707300000, 0x0000000707400000|  0%| F|  |TAMS 0x0000000707300000, 0x0000000707300000| Untracked 
|  86|0x0000000707400000, 0x0000000707400000, 0x0000000707500000|  0%| F|  |TAMS 0x0000000707400000, 0x0000000707400000| Untracked 
|  87|0x0000000707500000, 0x0000000707500000, 0x0000000707600000|  0%| F|  |TAMS 0x0000000707500000, 0x0000000707500000| Untracked 
|  88|0x0000000707600000, 0x0000000707600000, 0x0000000707700000|  0%| F|  |TAMS 0x0000000707600000, 0x0000000707600000| Untracked 
|  89|0x0000000707700000, 0x0000000707700000, 0x0000000707800000|  0%| F|  |TAMS 0x0000000707700000, 0x0000000707700000| Untracked 
|  90|0x0000000707800000, 0x0000000707800000, 0x0000000707900000|  0%| F|  |TAMS 0x0000000707800000, 0x0000000707800000| Untracked 
|  91|0x0000000707900000, 0x0000000707900000, 0x0000000707a00000|  0%| F|  |TAMS 0x0000000707900000, 0x0000000707900000| Untracked 
|  92|0x0000000707a00000, 0x0000000707a00000, 0x0000000707b00000|  0%| F|  |TAMS 0x0000000707a00000, 0x0000000707a00000| Untracked 
|  93|0x0000000707b00000, 0x0000000707b00000, 0x0000000707c00000|  0%| F|  |TAMS 0x0000000707b00000, 0x0000000707b00000| Untracked 
|  94|0x0000000707c00000, 0x0000000707c00000, 0x0000000707d00000|  0%| F|  |TAMS 0x0000000707c00000, 0x0000000707c00000| Untracked 
|  95|0x0000000707d00000, 0x0000000707d00000, 0x0000000707e00000|  0%| F|  |TAMS 0x0000000707d00000, 0x0000000707d00000| Untracked 
|  96|0x0000000707e00000, 0x0000000707e00000, 0x0000000707f00000|  0%| F|  |TAMS 0x0000000707e00000, 0x0000000707e00000| Untracked 
|  97|0x0000000707f00000, 0x0000000707f00000, 0x0000000708000000|  0%| F|  |TAMS 0x0000000707f00000, 0x0000000707f00000| Untracked 
|  98|0x0000000708000000, 0x0000000708000000, 0x0000000708100000|  0%| F|  |TAMS 0x0000000708000000, 0x0000000708000000| Untracked 
|  99|0x0000000708100000, 0x0000000708100000, 0x0000000708200000|  0%| F|  |TAMS 0x0000000708100000, 0x0000000708100000| Untracked 
| 100|0x0000000708200000, 0x0000000708200000, 0x0000000708300000|  0%| F|  |TAMS 0x0000000708200000, 0x0000000708200000| Untracked 
| 101|0x0000000708300000, 0x0000000708300000, 0x0000000708400000|  0%| F|  |TAMS 0x0000000708300000, 0x0000000708300000| Untracked 
| 102|0x0000000708400000, 0x0000000708400000, 0x0000000708500000|  0%| F|  |TAMS 0x0000000708400000, 0x0000000708400000| Untracked 
| 103|0x0000000708500000, 0x0000000708500000, 0x0000000708600000|  0%| F|  |TAMS 0x0000000708500000, 0x0000000708500000| Untracked 
| 104|0x0000000708600000, 0x0000000708600000, 0x0000000708700000|  0%| F|  |TAMS 0x0000000708600000, 0x0000000708600000| Untracked 
| 105|0x0000000708700000, 0x0000000708700000, 0x0000000708800000|  0%| F|  |TAMS 0x0000000708700000, 0x0000000708700000| Untracked 
| 106|0x0000000708800000, 0x0000000708800000, 0x0000000708900000|  0%| F|  |TAMS 0x0000000708800000, 0x0000000708800000| Untracked 
| 107|0x0000000708900000, 0x0000000708900000, 0x0000000708a00000|  0%| F|  |TAMS 0x0000000708900000, 0x0000000708900000| Untracked 
| 108|0x0000000708a00000, 0x0000000708a00000, 0x0000000708b00000|  0%| F|  |TAMS 0x0000000708a00000, 0x0000000708a00000| Untracked 
| 109|0x0000000708b00000, 0x0000000708b00000, 0x0000000708c00000|  0%| F|  |TAMS 0x0000000708b00000, 0x0000000708b00000| Untracked 
| 110|0x0000000708c00000, 0x0000000708c00000, 0x0000000708d00000|  0%| F|  |TAMS 0x0000000708c00000, 0x0000000708c00000| Untracked 
| 111|0x0000000708d00000, 0x0000000708d00000, 0x0000000708e00000|  0%| F|  |TAMS 0x0000000708d00000, 0x0000000708d00000| Untracked 
| 112|0x0000000708e00000, 0x0000000708e00000, 0x0000000708f00000|  0%| F|  |TAMS 0x0000000708e00000, 0x0000000708e00000| Untracked 
| 113|0x0000000708f00000, 0x0000000708f00000, 0x0000000709000000|  0%| F|  |TAMS 0x0000000708f00000, 0x0000000708f00000| Untracked 
| 114|0x0000000709000000, 0x0000000709000000, 0x0000000709100000|  0%| F|  |TAMS 0x0000000709000000, 0x0000000709000000| Untracked 
| 115|0x0000000709100000, 0x0000000709100000, 0x0000000709200000|  0%| F|  |TAMS 0x0000000709100000, 0x0000000709100000| Untracked 
| 116|0x0000000709200000, 0x0000000709200000, 0x0000000709300000|  0%| F|  |TAMS 0x0000000709200000, 0x0000000709200000| Untracked 
| 117|0x0000000709300000, 0x0000000709300000, 0x0000000709400000|  0%| F|  |TAMS 0x0000000709300000, 0x0000000709300000| Untracked 
| 118|0x0000000709400000, 0x0000000709400000, 0x0000000709500000|  0%| F|  |TAMS 0x0000000709400000, 0x0000000709400000| Untracked 
| 119|0x0000000709500000, 0x0000000709500000, 0x0000000709600000|  0%| F|  |TAMS 0x0000000709500000, 0x0000000709500000| Untracked 
| 120|0x0000000709600000, 0x0000000709600000, 0x0000000709700000|  0%| F|  |TAMS 0x0000000709600000, 0x0000000709600000| Untracked 
| 121|0x0000000709700000, 0x0000000709700000, 0x0000000709800000|  0%| F|  |TAMS 0x0000000709700000, 0x0000000709700000| Untracked 
| 122|0x0000000709800000, 0x0000000709800000, 0x0000000709900000|  0%| F|  |TAMS 0x0000000709800000, 0x0000000709800000| Untracked 
| 123|0x0000000709900000, 0x0000000709900000, 0x0000000709a00000|  0%| F|  |TAMS 0x0000000709900000, 0x0000000709900000| Untracked 
| 124|0x0000000709a00000, 0x0000000709a00000, 0x0000000709b00000|  0%| F|  |TAMS 0x0000000709a00000, 0x0000000709a00000| Untracked 
| 125|0x0000000709b00000, 0x0000000709b00000, 0x0000000709c00000|  0%| F|  |TAMS 0x0000000709b00000, 0x0000000709b00000| Untracked 
| 126|0x0000000709c00000, 0x0000000709c00000, 0x0000000709d00000|  0%| F|  |TAMS 0x0000000709c00000, 0x0000000709c00000| Untracked 
| 127|0x0000000709d00000, 0x0000000709d00000, 0x0000000709e00000|  0%| F|  |TAMS 0x0000000709d00000, 0x0000000709d00000| Untracked 
| 128|0x0000000709e00000, 0x0000000709e00000, 0x0000000709f00000|  0%| F|  |TAMS 0x0000000709e00000, 0x0000000709e00000| Untracked 
| 129|0x0000000709f00000, 0x0000000709f00000, 0x000000070a000000|  0%| F|  |TAMS 0x0000000709f00000, 0x0000000709f00000| Untracked 
| 130|0x000000070a000000, 0x000000070a000000, 0x000000070a100000|  0%| F|  |TAMS 0x000000070a000000, 0x000000070a000000| Untracked 
| 131|0x000000070a100000, 0x000000070a100000, 0x000000070a200000|  0%| F|  |TAMS 0x000000070a100000, 0x000000070a100000| Untracked 
| 132|0x000000070a200000, 0x000000070a200000, 0x000000070a300000|  0%| F|  |TAMS 0x000000070a200000, 0x000000070a200000| Untracked 
| 133|0x000000070a300000, 0x000000070a300000, 0x000000070a400000|  0%| F|  |TAMS 0x000000070a300000, 0x000000070a300000| Untracked 
| 134|0x000000070a400000, 0x000000070a400000, 0x000000070a500000|  0%| F|  |TAMS 0x000000070a400000, 0x000000070a400000| Untracked 
| 135|0x000000070a500000, 0x000000070a500000, 0x000000070a600000|  0%| F|  |TAMS 0x000000070a500000, 0x000000070a500000| Untracked 
| 136|0x000000070a600000, 0x000000070a600000, 0x000000070a700000|  0%| F|  |TAMS 0x000000070a600000, 0x000000070a600000| Untracked 
| 137|0x000000070a700000, 0x000000070a700000, 0x000000070a800000|  0%| F|  |TAMS 0x000000070a700000, 0x000000070a700000| Untracked 
| 138|0x000000070a800000, 0x000000070a800000, 0x000000070a900000|  0%| F|  |TAMS 0x000000070a800000, 0x000000070a800000| Untracked 
| 139|0x000000070a900000, 0x000000070a900000, 0x000000070aa00000|  0%| F|  |TAMS 0x000000070a900000, 0x000000070a900000| Untracked 
| 140|0x000000070aa00000, 0x000000070aa00000, 0x000000070ab00000|  0%| F|  |TAMS 0x000000070aa00000, 0x000000070aa00000| Untracked 
| 141|0x000000070ab00000, 0x000000070ab00000, 0x000000070ac00000|  0%| F|  |TAMS 0x000000070ab00000, 0x000000070ab00000| Untracked 
| 142|0x000000070ac00000, 0x000000070ac00000, 0x000000070ad00000|  0%| F|  |TAMS 0x000000070ac00000, 0x000000070ac00000| Untracked 
| 143|0x000000070ad00000, 0x000000070ad00000, 0x000000070ae00000|  0%| F|  |TAMS 0x000000070ad00000, 0x000000070ad00000| Untracked 
| 144|0x000000070ae00000, 0x000000070ae00000, 0x000000070af00000|  0%| F|  |TAMS 0x000000070ae00000, 0x000000070ae00000| Untracked 
| 145|0x000000070af00000, 0x000000070af00000, 0x000000070b000000|  0%| F|  |TAMS 0x000000070af00000, 0x000000070af00000| Untracked 
| 146|0x000000070b000000, 0x000000070b000000, 0x000000070b100000|  0%| F|  |TAMS 0x000000070b000000, 0x000000070b000000| Untracked 
| 147|0x000000070b100000, 0x000000070b100000, 0x000000070b200000|  0%| F|  |TAMS 0x000000070b100000, 0x000000070b100000| Untracked 
| 148|0x000000070b200000, 0x000000070b200000, 0x000000070b300000|  0%| F|  |TAMS 0x000000070b200000, 0x000000070b200000| Untracked 
| 149|0x000000070b300000, 0x000000070b300000, 0x000000070b400000|  0%| F|  |TAMS 0x000000070b300000, 0x000000070b300000| Untracked 
| 150|0x000000070b400000, 0x000000070b400000, 0x000000070b500000|  0%| F|  |TAMS 0x000000070b400000, 0x000000070b400000| Untracked 
| 151|0x000000070b500000, 0x000000070b500000, 0x000000070b600000|  0%| F|  |TAMS 0x000000070b500000, 0x000000070b500000| Untracked 
| 152|0x000000070b600000, 0x000000070b600000, 0x000000070b700000|  0%| F|  |TAMS 0x000000070b600000, 0x000000070b600000| Untracked 
| 153|0x000000070b700000, 0x000000070b700000, 0x000000070b800000|  0%| F|  |TAMS 0x000000070b700000, 0x000000070b700000| Untracked 
| 154|0x000000070b800000, 0x000000070b800000, 0x000000070b900000|  0%| F|  |TAMS 0x000000070b800000, 0x000000070b800000| Untracked 
| 155|0x000000070b900000, 0x000000070b900000, 0x000000070ba00000|  0%| F|  |TAMS 0x000000070b900000, 0x000000070b900000| Untracked 
| 156|0x000000070ba00000, 0x000000070ba00000, 0x000000070bb00000|  0%| F|  |TAMS 0x000000070ba00000, 0x000000070ba00000| Untracked 
| 157|0x000000070bb00000, 0x000000070bb00000, 0x000000070bc00000|  0%| F|  |TAMS 0x000000070bb00000, 0x000000070bb00000| Untracked 
| 158|0x000000070bc00000, 0x000000070bc00000, 0x000000070bd00000|  0%| F|  |TAMS 0x000000070bc00000, 0x000000070bc00000| Untracked 
| 159|0x000000070bd00000, 0x000000070bd00000, 0x000000070be00000|  0%| F|  |TAMS 0x000000070bd00000, 0x000000070bd00000| Untracked 
| 160|0x000000070be00000, 0x000000070be00000, 0x000000070bf00000|  0%| F|  |TAMS 0x000000070be00000, 0x000000070be00000| Untracked 
| 161|0x000000070bf00000, 0x000000070bf00000, 0x000000070c000000|  0%| F|  |TAMS 0x000000070bf00000, 0x000000070bf00000| Untracked 
| 162|0x000000070c000000, 0x000000070c000000, 0x000000070c100000|  0%| F|  |TAMS 0x000000070c000000, 0x000000070c000000| Untracked 
| 163|0x000000070c100000, 0x000000070c100000, 0x000000070c200000|  0%| F|  |TAMS 0x000000070c100000, 0x000000070c100000| Untracked 
| 164|0x000000070c200000, 0x000000070c200000, 0x000000070c300000|  0%| F|  |TAMS 0x000000070c200000, 0x000000070c200000| Untracked 
| 165|0x000000070c300000, 0x000000070c300000, 0x000000070c400000|  0%| F|  |TAMS 0x000000070c300000, 0x000000070c300000| Untracked 
| 166|0x000000070c400000, 0x000000070c400000, 0x000000070c500000|  0%| F|  |TAMS 0x000000070c400000, 0x000000070c400000| Untracked 
| 167|0x000000070c500000, 0x000000070c500000, 0x000000070c600000|  0%| F|  |TAMS 0x000000070c500000, 0x000000070c500000| Untracked 
| 168|0x000000070c600000, 0x000000070c600000, 0x000000070c700000|  0%| F|  |TAMS 0x000000070c600000, 0x000000070c600000| Untracked 
| 169|0x000000070c700000, 0x000000070c700000, 0x000000070c800000|  0%| F|  |TAMS 0x000000070c700000, 0x000000070c700000| Untracked 
| 170|0x000000070c800000, 0x000000070c800000, 0x000000070c900000|  0%| F|  |TAMS 0x000000070c800000, 0x000000070c800000| Untracked 
| 171|0x000000070c900000, 0x000000070c900000, 0x000000070ca00000|  0%| F|  |TAMS 0x000000070c900000, 0x000000070c900000| Untracked 
| 172|0x000000070ca00000, 0x000000070ca00000, 0x000000070cb00000|  0%| F|  |TAMS 0x000000070ca00000, 0x000000070ca00000| Untracked 
| 173|0x000000070cb00000, 0x000000070cb00000, 0x000000070cc00000|  0%| F|  |TAMS 0x000000070cb00000, 0x000000070cb00000| Untracked 
| 174|0x000000070cc00000, 0x000000070cc00000, 0x000000070cd00000|  0%| F|  |TAMS 0x000000070cc00000, 0x000000070cc00000| Untracked 
| 175|0x000000070cd00000, 0x000000070cd00000, 0x000000070ce00000|  0%| F|  |TAMS 0x000000070cd00000, 0x000000070cd00000| Untracked 
| 176|0x000000070ce00000, 0x000000070ce00000, 0x000000070cf00000|  0%| F|  |TAMS 0x000000070ce00000, 0x000000070ce00000| Untracked 
| 177|0x000000070cf00000, 0x000000070cf00000, 0x000000070d000000|  0%| F|  |TAMS 0x000000070cf00000, 0x000000070cf00000| Untracked 
| 178|0x000000070d000000, 0x000000070d000000, 0x000000070d100000|  0%| F|  |TAMS 0x000000070d000000, 0x000000070d000000| Untracked 
| 179|0x000000070d100000, 0x000000070d100000, 0x000000070d200000|  0%| F|  |TAMS 0x000000070d100000, 0x000000070d100000| Untracked 
| 180|0x000000070d200000, 0x000000070d200000, 0x000000070d300000|  0%| F|  |TAMS 0x000000070d200000, 0x000000070d200000| Untracked 
| 181|0x000000070d300000, 0x000000070d300000, 0x000000070d400000|  0%| F|  |TAMS 0x000000070d300000, 0x000000070d300000| Untracked 
| 182|0x000000070d400000, 0x000000070d400000, 0x000000070d500000|  0%| F|  |TAMS 0x000000070d400000, 0x000000070d400000| Untracked 
| 183|0x000000070d500000, 0x000000070d500000, 0x000000070d600000|  0%| F|  |TAMS 0x000000070d500000, 0x000000070d500000| Untracked 
| 184|0x000000070d600000, 0x000000070d600000, 0x000000070d700000|  0%| F|  |TAMS 0x000000070d600000, 0x000000070d600000| Untracked 
| 185|0x000000070d700000, 0x000000070d700000, 0x000000070d800000|  0%| F|  |TAMS 0x000000070d700000, 0x000000070d700000| Untracked 
| 186|0x000000070d800000, 0x000000070d800000, 0x000000070d900000|  0%| F|  |TAMS 0x000000070d800000, 0x000000070d800000| Untracked 
| 187|0x000000070d900000, 0x000000070d900000, 0x000000070da00000|  0%| F|  |TAMS 0x000000070d900000, 0x000000070d900000| Untracked 
| 188|0x000000070da00000, 0x000000070da00000, 0x000000070db00000|  0%| F|  |TAMS 0x000000070da00000, 0x000000070da00000| Untracked 
| 189|0x000000070db00000, 0x000000070db00000, 0x000000070dc00000|  0%| F|  |TAMS 0x000000070db00000, 0x000000070db00000| Untracked 
| 190|0x000000070dc00000, 0x000000070dc00000, 0x000000070dd00000|  0%| F|  |TAMS 0x000000070dc00000, 0x000000070dc00000| Untracked 
| 191|0x000000070dd00000, 0x000000070dd00000, 0x000000070de00000|  0%| F|  |TAMS 0x000000070dd00000, 0x000000070dd00000| Untracked 
| 192|0x000000070de00000, 0x000000070de00000, 0x000000070df00000|  0%| F|  |TAMS 0x000000070de00000, 0x000000070de00000| Untracked 
| 193|0x000000070df00000, 0x000000070df00000, 0x000000070e000000|  0%| F|  |TAMS 0x000000070df00000, 0x000000070df00000| Untracked 
| 194|0x000000070e000000, 0x000000070e000000, 0x000000070e100000|  0%| F|  |TAMS 0x000000070e000000, 0x000000070e000000| Untracked 
| 195|0x000000070e100000, 0x000000070e100000, 0x000000070e200000|  0%| F|  |TAMS 0x000000070e100000, 0x000000070e100000| Untracked 
| 196|0x000000070e200000, 0x000000070e200000, 0x000000070e300000|  0%| F|  |TAMS 0x000000070e200000, 0x000000070e200000| Untracked 
| 197|0x000000070e300000, 0x000000070e300000, 0x000000070e400000|  0%| F|  |TAMS 0x000000070e300000, 0x000000070e300000| Untracked 
| 198|0x000000070e400000, 0x000000070e400000, 0x000000070e500000|  0%| F|  |TAMS 0x000000070e400000, 0x000000070e400000| Untracked 
| 199|0x000000070e500000, 0x000000070e500000, 0x000000070e600000|  0%| F|  |TAMS 0x000000070e500000, 0x000000070e500000| Untracked 
| 200|0x000000070e600000, 0x000000070e600000, 0x000000070e700000|  0%| F|  |TAMS 0x000000070e600000, 0x000000070e600000| Untracked 
| 201|0x000000070e700000, 0x000000070e700000, 0x000000070e800000|  0%| F|  |TAMS 0x000000070e700000, 0x000000070e700000| Untracked 
| 202|0x000000070e800000, 0x000000070e800000, 0x000000070e900000|  0%| F|  |TAMS 0x000000070e800000, 0x000000070e800000| Untracked 
| 203|0x000000070e900000, 0x000000070e900000, 0x000000070ea00000|  0%| F|  |TAMS 0x000000070e900000, 0x000000070e900000| Untracked 
| 204|0x000000070ea00000, 0x000000070ea00000, 0x000000070eb00000|  0%| F|  |TAMS 0x000000070ea00000, 0x000000070ea00000| Untracked 
| 205|0x000000070eb00000, 0x000000070eb00000, 0x000000070ec00000|  0%| F|  |TAMS 0x000000070eb00000, 0x000000070eb00000| Untracked 
| 206|0x000000070ec00000, 0x000000070ec00000, 0x000000070ed00000|  0%| F|  |TAMS 0x000000070ec00000, 0x000000070ec00000| Untracked 
| 207|0x000000070ed00000, 0x000000070ed00000, 0x000000070ee00000|  0%| F|  |TAMS 0x000000070ed00000, 0x000000070ed00000| Untracked 
| 208|0x000000070ee00000, 0x000000070ee00000, 0x000000070ef00000|  0%| F|  |TAMS 0x000000070ee00000, 0x000000070ee00000| Untracked 
| 209|0x000000070ef00000, 0x000000070ef00000, 0x000000070f000000|  0%| F|  |TAMS 0x000000070ef00000, 0x000000070ef00000| Untracked 
| 210|0x000000070f000000, 0x000000070f000000, 0x000000070f100000|  0%| F|  |TAMS 0x000000070f000000, 0x000000070f000000| Untracked 
| 211|0x000000070f100000, 0x000000070f100000, 0x000000070f200000|  0%| F|  |TAMS 0x000000070f100000, 0x000000070f100000| Untracked 
| 212|0x000000070f200000, 0x000000070f200000, 0x000000070f300000|  0%| F|  |TAMS 0x000000070f200000, 0x000000070f200000| Untracked 
| 213|0x000000070f300000, 0x000000070f300000, 0x000000070f400000|  0%| F|  |TAMS 0x000000070f300000, 0x000000070f300000| Untracked 
| 214|0x000000070f400000, 0x000000070f400000, 0x000000070f500000|  0%| F|  |TAMS 0x000000070f400000, 0x000000070f400000| Untracked 
| 215|0x000000070f500000, 0x000000070f500000, 0x000000070f600000|  0%| F|  |TAMS 0x000000070f500000, 0x000000070f500000| Untracked 
| 216|0x000000070f600000, 0x000000070f600000, 0x000000070f700000|  0%| F|  |TAMS 0x000000070f600000, 0x000000070f600000| Untracked 
| 217|0x000000070f700000, 0x000000070f700000, 0x000000070f800000|  0%| F|  |TAMS 0x000000070f700000, 0x000000070f700000| Untracked 
| 218|0x000000070f800000, 0x000000070f800000, 0x000000070f900000|  0%| F|  |TAMS 0x000000070f800000, 0x000000070f800000| Untracked 
| 219|0x000000070f900000, 0x000000070f900000, 0x000000070fa00000|  0%| F|  |TAMS 0x000000070f900000, 0x000000070f900000| Untracked 
| 220|0x000000070fa00000, 0x000000070fa00000, 0x000000070fb00000|  0%| F|  |TAMS 0x000000070fa00000, 0x000000070fa00000| Untracked 
| 221|0x000000070fb00000, 0x000000070fb00000, 0x000000070fc00000|  0%| F|  |TAMS 0x000000070fb00000, 0x000000070fb00000| Untracked 
| 222|0x000000070fc00000, 0x000000070fc00000, 0x000000070fd00000|  0%| F|  |TAMS 0x000000070fc00000, 0x000000070fc00000| Untracked 
| 223|0x000000070fd00000, 0x000000070fd00000, 0x000000070fe00000|  0%| F|  |TAMS 0x000000070fd00000, 0x000000070fd00000| Untracked 
| 224|0x000000070fe00000, 0x000000070fe00000, 0x000000070ff00000|  0%| F|  |TAMS 0x000000070fe00000, 0x000000070fe00000| Untracked 
| 225|0x000000070ff00000, 0x000000070ff00000, 0x0000000710000000|  0%| F|  |TAMS 0x000000070ff00000, 0x000000070ff00000| Untracked 
| 226|0x0000000710000000, 0x0000000710000000, 0x0000000710100000|  0%| F|  |TAMS 0x0000000710000000, 0x0000000710000000| Untracked 
| 227|0x0000000710100000, 0x0000000710100000, 0x0000000710200000|  0%| F|  |TAMS 0x0000000710100000, 0x0000000710100000| Untracked 
| 228|0x0000000710200000, 0x0000000710200000, 0x0000000710300000|  0%| F|  |TAMS 0x0000000710200000, 0x0000000710200000| Untracked 
| 229|0x0000000710300000, 0x0000000710300000, 0x0000000710400000|  0%| F|  |TAMS 0x0000000710300000, 0x0000000710300000| Untracked 
| 230|0x0000000710400000, 0x0000000710400000, 0x0000000710500000|  0%| F|  |TAMS 0x0000000710400000, 0x0000000710400000| Untracked 
| 231|0x0000000710500000, 0x0000000710500000, 0x0000000710600000|  0%| F|  |TAMS 0x0000000710500000, 0x0000000710500000| Untracked 
| 232|0x0000000710600000, 0x0000000710600000, 0x0000000710700000|  0%| F|  |TAMS 0x0000000710600000, 0x0000000710600000| Untracked 
| 233|0x0000000710700000, 0x0000000710700000, 0x0000000710800000|  0%| F|  |TAMS 0x0000000710700000, 0x0000000710700000| Untracked 
| 234|0x0000000710800000, 0x0000000710800000, 0x0000000710900000|  0%| F|  |TAMS 0x0000000710800000, 0x0000000710800000| Untracked 
| 235|0x0000000710900000, 0x0000000710900000, 0x0000000710a00000|  0%| F|  |TAMS 0x0000000710900000, 0x0000000710900000| Untracked 
| 236|0x0000000710a00000, 0x0000000710a00000, 0x0000000710b00000|  0%| F|  |TAMS 0x0000000710a00000, 0x0000000710a00000| Untracked 
| 237|0x0000000710b00000, 0x0000000710b00000, 0x0000000710c00000|  0%| F|  |TAMS 0x0000000710b00000, 0x0000000710b00000| Untracked 
| 238|0x0000000710c00000, 0x0000000710d00000, 0x0000000710d00000|100%| S|CS|TAMS 0x0000000710c00000, 0x0000000710c00000| Complete 
| 239|0x0000000710d00000, 0x0000000710e00000, 0x0000000710e00000|100%| S|CS|TAMS 0x0000000710d00000, 0x0000000710d00000| Complete 
| 240|0x0000000710e00000, 0x0000000710e00000, 0x0000000710f00000|  0%| F|  |TAMS 0x0000000710e00000, 0x0000000710e00000| Untracked 
| 241|0x0000000710f00000, 0x0000000710f00000, 0x0000000711000000|  0%| F|  |TAMS 0x0000000710f00000, 0x0000000710f00000| Untracked 
| 242|0x0000000711000000, 0x0000000711000000, 0x0000000711100000|  0%| F|  |TAMS 0x0000000711000000, 0x0000000711000000| Untracked 
| 243|0x0000000711100000, 0x0000000711100000, 0x0000000711200000|  0%| F|  |TAMS 0x0000000711100000, 0x0000000711100000| Untracked 
| 244|0x0000000711200000, 0x0000000711200000, 0x0000000711300000|  0%| F|  |TAMS 0x0000000711200000, 0x0000000711200000| Untracked 
| 245|0x0000000711300000, 0x0000000711380800, 0x0000000711400000| 50%| E|  |TAMS 0x0000000711300000, 0x0000000711300000| Complete 
| 246|0x0000000711400000, 0x0000000711500000, 0x0000000711500000|100%| E|CS|TAMS 0x0000000711400000, 0x0000000711400000| Complete 
| 247|0x0000000711500000, 0x0000000711600000, 0x0000000711600000|100%| E|CS|TAMS 0x0000000711500000, 0x0000000711500000| Complete 
| 248|0x0000000711600000, 0x0000000711700000, 0x0000000711700000|100%| E|CS|TAMS 0x0000000711600000, 0x0000000711600000| Complete 
| 249|0x0000000711700000, 0x0000000711800000, 0x0000000711800000|100%| E|CS|TAMS 0x0000000711700000, 0x0000000711700000| Complete 
| 250|0x0000000711800000, 0x0000000711900000, 0x0000000711900000|100%| E|CS|TAMS 0x0000000711800000, 0x0000000711800000| Complete 
| 251|0x0000000711900000, 0x0000000711a00000, 0x0000000711a00000|100%| E|CS|TAMS 0x0000000711900000, 0x0000000711900000| Complete 
| 252|0x0000000711a00000, 0x0000000711b00000, 0x0000000711b00000|100%| E|CS|TAMS 0x0000000711a00000, 0x0000000711a00000| Complete 
| 253|0x0000000711b00000, 0x0000000711c00000, 0x0000000711c00000|100%| E|CS|TAMS 0x0000000711b00000, 0x0000000711b00000| Complete 
| 254|0x0000000711c00000, 0x0000000711d00000, 0x0000000711d00000|100%| E|CS|TAMS 0x0000000711c00000, 0x0000000711c00000| Complete 
| 255|0x0000000711d00000, 0x0000000711e00000, 0x0000000711e00000|100%| E|CS|TAMS 0x0000000711d00000, 0x0000000711d00000| Complete 
| 256|0x0000000711e00000, 0x0000000711f00000, 0x0000000711f00000|100%| E|CS|TAMS 0x0000000711e00000, 0x0000000711e00000| Complete 
| 257|0x0000000711f00000, 0x0000000712000000, 0x0000000712000000|100%| E|CS|TAMS 0x0000000711f00000, 0x0000000711f00000| Complete 
| 258|0x0000000712000000, 0x0000000712100000, 0x0000000712100000|100%| E|CS|TAMS 0x0000000712000000, 0x0000000712000000| Complete 
| 259|0x0000000712100000, 0x0000000712200000, 0x0000000712200000|100%| E|CS|TAMS 0x0000000712100000, 0x0000000712100000| Complete 
| 260|0x0000000712200000, 0x0000000712300000, 0x0000000712300000|100%| E|CS|TAMS 0x0000000712200000, 0x0000000712200000| Complete 
| 261|0x0000000712300000, 0x0000000712400000, 0x0000000712400000|100%| E|CS|TAMS 0x0000000712300000, 0x0000000712300000| Complete 
| 262|0x0000000712400000, 0x0000000712500000, 0x0000000712500000|100%| E|CS|TAMS 0x0000000712400000, 0x0000000712400000| Complete 
| 263|0x0000000712500000, 0x0000000712600000, 0x0000000712600000|100%| E|CS|TAMS 0x0000000712500000, 0x0000000712500000| Complete 
| 264|0x0000000712600000, 0x0000000712700000, 0x0000000712700000|100%| E|CS|TAMS 0x0000000712600000, 0x0000000712600000| Complete 
| 265|0x0000000712700000, 0x0000000712800000, 0x0000000712800000|100%| E|CS|TAMS 0x0000000712700000, 0x0000000712700000| Complete 
| 266|0x0000000712800000, 0x0000000712900000, 0x0000000712900000|100%| E|CS|TAMS 0x0000000712800000, 0x0000000712800000| Complete 
| 267|0x0000000712900000, 0x0000000712a00000, 0x0000000712a00000|100%| E|CS|TAMS 0x0000000712900000, 0x0000000712900000| Complete 
| 268|0x0000000712a00000, 0x0000000712b00000, 0x0000000712b00000|100%| E|CS|TAMS 0x0000000712a00000, 0x0000000712a00000| Complete 
| 269|0x0000000712b00000, 0x0000000712c00000, 0x0000000712c00000|100%| E|CS|TAMS 0x0000000712b00000, 0x0000000712b00000| Complete 
| 270|0x0000000712c00000, 0x0000000712d00000, 0x0000000712d00000|100%| E|CS|TAMS 0x0000000712c00000, 0x0000000712c00000| Complete 
| 271|0x0000000712d00000, 0x0000000712e00000, 0x0000000712e00000|100%| E|CS|TAMS 0x0000000712d00000, 0x0000000712d00000| Complete 
| 272|0x0000000712e00000, 0x0000000712f00000, 0x0000000712f00000|100%| E|CS|TAMS 0x0000000712e00000, 0x0000000712e00000| Complete 
| 273|0x0000000712f00000, 0x0000000713000000, 0x0000000713000000|100%| E|CS|TAMS 0x0000000712f00000, 0x0000000712f00000| Complete 
| 274|0x0000000713000000, 0x0000000713100000, 0x0000000713100000|100%| E|CS|TAMS 0x0000000713000000, 0x0000000713000000| Complete 
| 275|0x0000000713100000, 0x0000000713200000, 0x0000000713200000|100%| E|CS|TAMS 0x0000000713100000, 0x0000000713100000| Complete 
| 276|0x0000000713200000, 0x0000000713300000, 0x0000000713300000|100%| E|CS|TAMS 0x0000000713200000, 0x0000000713200000| Complete 
| 277|0x0000000713300000, 0x0000000713400000, 0x0000000713400000|100%| E|CS|TAMS 0x0000000713300000, 0x0000000713300000| Complete 
| 278|0x0000000713400000, 0x0000000713500000, 0x0000000713500000|100%| E|CS|TAMS 0x0000000713400000, 0x0000000713400000| Complete 
| 279|0x0000000713500000, 0x0000000713600000, 0x0000000713600000|100%| E|CS|TAMS 0x0000000713500000, 0x0000000713500000| Complete 
| 280|0x0000000713600000, 0x0000000713700000, 0x0000000713700000|100%| E|CS|TAMS 0x0000000713600000, 0x0000000713600000| Complete 
| 281|0x0000000713700000, 0x0000000713800000, 0x0000000713800000|100%| E|CS|TAMS 0x0000000713700000, 0x0000000713700000| Complete 
| 282|0x0000000713800000, 0x0000000713900000, 0x0000000713900000|100%| E|CS|TAMS 0x0000000713800000, 0x0000000713800000| Complete 
| 283|0x0000000713900000, 0x0000000713a00000, 0x0000000713a00000|100%| E|CS|TAMS 0x0000000713900000, 0x0000000713900000| Complete 
| 284|0x0000000713a00000, 0x0000000713b00000, 0x0000000713b00000|100%| E|CS|TAMS 0x0000000713a00000, 0x0000000713a00000| Complete 
| 285|0x0000000713b00000, 0x0000000713c00000, 0x0000000713c00000|100%| E|CS|TAMS 0x0000000713b00000, 0x0000000713b00000| Complete 
| 286|0x0000000713c00000, 0x0000000713d00000, 0x0000000713d00000|100%| E|CS|TAMS 0x0000000713c00000, 0x0000000713c00000| Complete 
| 287|0x0000000713d00000, 0x0000000713e00000, 0x0000000713e00000|100%| E|CS|TAMS 0x0000000713d00000, 0x0000000713d00000| Complete 
| 288|0x0000000713e00000, 0x0000000713f00000, 0x0000000713f00000|100%| E|CS|TAMS 0x0000000713e00000, 0x0000000713e00000| Complete 
| 289|0x0000000713f00000, 0x0000000714000000, 0x0000000714000000|100%| E|CS|TAMS 0x0000000713f00000, 0x0000000713f00000| Complete 
| 290|0x0000000714000000, 0x0000000714100000, 0x0000000714100000|100%| E|CS|TAMS 0x0000000714000000, 0x0000000714000000| Complete 
| 291|0x0000000714100000, 0x0000000714200000, 0x0000000714200000|100%| E|CS|TAMS 0x0000000714100000, 0x0000000714100000| Complete 
| 292|0x0000000714200000, 0x0000000714300000, 0x0000000714300000|100%| E|CS|TAMS 0x0000000714200000, 0x0000000714200000| Complete 
| 293|0x0000000714300000, 0x0000000714400000, 0x0000000714400000|100%| E|CS|TAMS 0x0000000714300000, 0x0000000714300000| Complete 
| 294|0x0000000714400000, 0x0000000714500000, 0x0000000714500000|100%| E|CS|TAMS 0x0000000714400000, 0x0000000714400000| Complete 
| 295|0x0000000714500000, 0x0000000714600000, 0x0000000714600000|100%| E|CS|TAMS 0x0000000714500000, 0x0000000714500000| Complete 
| 296|0x0000000714600000, 0x0000000714700000, 0x0000000714700000|100%| E|CS|TAMS 0x0000000714600000, 0x0000000714600000| Complete 
| 297|0x0000000714700000, 0x0000000714800000, 0x0000000714800000|100%| E|CS|TAMS 0x0000000714700000, 0x0000000714700000| Complete 
| 298|0x0000000714800000, 0x0000000714900000, 0x0000000714900000|100%| E|CS|TAMS 0x0000000714800000, 0x0000000714800000| Complete 
| 299|0x0000000714900000, 0x0000000714a00000, 0x0000000714a00000|100%| E|CS|TAMS 0x0000000714900000, 0x0000000714900000| Complete 
| 300|0x0000000714a00000, 0x0000000714b00000, 0x0000000714b00000|100%| E|CS|TAMS 0x0000000714a00000, 0x0000000714a00000| Complete 
| 301|0x0000000714b00000, 0x0000000714c00000, 0x0000000714c00000|100%| E|CS|TAMS 0x0000000714b00000, 0x0000000714b00000| Complete 
| 302|0x0000000714c00000, 0x0000000714d00000, 0x0000000714d00000|100%| E|CS|TAMS 0x0000000714c00000, 0x0000000714c00000| Complete 
| 303|0x0000000714d00000, 0x0000000714e00000, 0x0000000714e00000|100%| E|CS|TAMS 0x0000000714d00000, 0x0000000714d00000| Complete 
| 304|0x0000000714e00000, 0x0000000714f00000, 0x0000000714f00000|100%| E|CS|TAMS 0x0000000714e00000, 0x0000000714e00000| Complete 
| 305|0x0000000714f00000, 0x0000000715000000, 0x0000000715000000|100%| E|CS|TAMS 0x0000000714f00000, 0x0000000714f00000| Complete 
| 306|0x0000000715000000, 0x0000000715100000, 0x0000000715100000|100%| E|CS|TAMS 0x0000000715000000, 0x0000000715000000| Complete 
| 307|0x0000000715100000, 0x0000000715200000, 0x0000000715200000|100%| E|CS|TAMS 0x0000000715100000, 0x0000000715100000| Complete 

Card table byte_map: [0x0000023e56d50000,0x0000023e57550000] _byte_map_base: 0x0000023e53541000

Marking Bits (Prev, Next): (CMBitMap*) 0x0000023e439ad018, (CMBitMap*) 0x0000023e439ad050
 Prev Bits: [0x0000023e57d50000, 0x0000023e5bcd8000)
 Next Bits: [0x0000023e5bce0000, 0x0000023e5fc68000)

Polling page: 0x0000023e41950000

Metaspace:

Usage:
  Non-class:     40.90 MB capacity,    40.61 MB (>99%) used,   226.58 KB ( <1%) free+waste,    69.69 KB ( <1%) overhead. 
      Class:      5.75 MB capacity,     5.52 MB ( 96%) used,   199.32 KB (  3%) free+waste,    30.88 KB ( <1%) overhead. 
       Both:     46.65 MB capacity,    46.13 MB ( 99%) used,   425.90 KB ( <1%) free+waste,   100.56 KB ( <1%) overhead. 

Virtual space:
  Non-class space:       42.00 MB reserved,      40.92 MB ( 97%) committed 
      Class space:        1.00 GB reserved,       5.75 MB ( <1%) committed 
             Both:        1.04 GB reserved,      46.67 MB (  4%) committed 

Chunk freelists:
   Non-Class:  20.00 KB
       Class:  4.00 KB
        Both:  24.00 KB

MaxMetaspaceSize: 17179869184.00 GB
CompressedClassSpaceSize: 1.00 GB

CodeHeap 'non-profiled nmethods': size=120064Kb used=1402Kb max_used=1402Kb free=118661Kb
 bounds [0x0000023e4ef00000, 0x0000023e4f170000, 0x0000023e56440000]
CodeHeap 'profiled nmethods': size=120000Kb used=6769Kb max_used=6769Kb free=113230Kb
 bounds [0x0000023e479d0000, 0x0000023e48070000, 0x0000023e4ef00000]
CodeHeap 'non-nmethods': size=5696Kb used=1204Kb max_used=1248Kb free=4492Kb
 bounds [0x0000023e47440000, 0x0000023e476b0000, 0x0000023e479d0000]
 total_blobs=3933 nmethods=3380 adapters=464
 compilation: enabled
              stopped_count=0, restarted_count=0
 full_count=0

Compilation events (20 events):
Event: 2.255 Thread 0x0000023e62ef9000 nmethod 3386 0x0000023e48067310 code [0x0000023e480674c0, 0x0000023e480675b8]
Event: 2.255 Thread 0x0000023e62ef9000 3381       3       org.jetbrains.kotlin.metadata.jvm.JvmProtoBuf$JvmMethodSignature::isInitialized (25 bytes)
Event: 2.255 Thread 0x0000023e62ef9000 nmethod 3381 0x0000023e48067690 code [0x0000023e48067840, 0x0000023e480679f8]
Event: 2.255 Thread 0x0000023e62ef9000 3402       3       org.jetbrains.kotlin.metadata.ProtoBuf$TypeParameter::hasId (16 bytes)
Event: 2.255 Thread 0x0000023e62ef9000 nmethod 3402 0x0000023e48067a90 code [0x0000023e48067c40, 0x0000023e48067d98]
Event: 2.255 Thread 0x0000023e62ef9000 3403       3       org.jetbrains.kotlin.metadata.ProtoBuf$TypeParameter::hasName (16 bytes)
Event: 2.255 Thread 0x0000023e62ef9000 nmethod 3403 0x0000023e48067e10 code [0x0000023e48067fc0, 0x0000023e48068118]
Event: 2.255 Thread 0x0000023e62ef9000 3378       3       org.jetbrains.kotlin.protobuf.SmallSortedMap$Entry::setValue (19 bytes)
Event: 2.255 Thread 0x0000023e62ef9000 nmethod 3378 0x0000023e48068190 code [0x0000023e48068360, 0x0000023e480686a8]
Event: 2.255 Thread 0x0000023e62ef9000 3405       3       org.jetbrains.kotlin.metadata.jvm.deserialization.JvmNameResolver::getString (479 bytes)
Event: 2.257 Thread 0x0000023e62ef9000 nmethod 3405 0x0000023e48068810 code [0x0000023e48068c80, 0x0000023e4806ac28]
Event: 2.257 Thread 0x0000023e62ef9000 3406       3       org.jetbrains.kotlin.metadata.jvm.JvmProtoBuf$StringTableTypes$Record::hasString (16 bytes)
Event: 2.257 Thread 0x0000023e62ef9000 nmethod 3406 0x0000023e4806b790 code [0x0000023e4806b940, 0x0000023e4806ba98]
Event: 2.257 Thread 0x0000023e62ef9000 3407       3       org.jetbrains.kotlin.metadata.jvm.JvmProtoBuf$StringTableTypes$Record::hasPredefinedIndex (16 bytes)
Event: 2.257 Thread 0x0000023e62ef9000 nmethod 3407 0x0000023e4806bb10 code [0x0000023e4806bcc0, 0x0000023e4806be18]
Event: 2.257 Thread 0x0000023e62ef9000 3408       3       org.jetbrains.kotlin.metadata.jvm.JvmProtoBuf$StringTableTypes$Record::getSubstringIndexCount (10 bytes)
Event: 2.257 Thread 0x0000023e62ef9000 nmethod 3408 0x0000023e4806be90 code [0x0000023e4806c040, 0x0000023e4806c208]
Event: 2.257 Thread 0x0000023e62ef9000 3409       3       org.jetbrains.kotlin.metadata.jvm.JvmProtoBuf$StringTableTypes$Record::getReplaceCharCount (10 bytes)
Event: 2.257 Thread 0x0000023e62ef9000 nmethod 3409 0x0000023e4806c310 code [0x0000023e4806c4c0, 0x0000023e4806c688]
Event: 2.257 Thread 0x0000023e62ef9000 3413       3       org.jetbrains.kotlin.metadata.ProtoBuf$Function::writeTo (341 bytes)

GC Heap History (10 events):
Event: 0.376 GC heap before
{Heap before GC invocations=0 (full 0):
 garbage-first heap   total 262144K, used 25600K [0x0000000701e00000, 0x0000000800000000)
  region size 1024K, 22 young (22528K), 0 survivors (0K)
 Metaspace       used 11651K, capacity 11762K, committed 11904K, reserved 1060864K
  class space    used 1080K, capacity 1109K, committed 1152K, reserved 1048576K
}
Event: 0.378 GC heap after
{Heap after GC invocations=1 (full 0):
 garbage-first heap   total 262144K, used 5493K [0x0000000701e00000, 0x0000000800000000)
  region size 1024K, 3 young (3072K), 3 survivors (3072K)
 Metaspace       used 11651K, capacity 11762K, committed 11904K, reserved 1060864K
  class space    used 1080K, capacity 1109K, committed 1152K, reserved 1048576K
}
Event: 0.836 GC heap before
{Heap before GC invocations=1 (full 0):
 garbage-first heap   total 262144K, used 42357K [0x0000000701e00000, 0x0000000800000000)
  region size 1024K, 40 young (40960K), 3 survivors (3072K)
 Metaspace       used 20905K, capacity 21128K, committed 21296K, reserved 1069056K
  class space    used 2223K, capacity 2327K, committed 2432K, reserved 1048576K
}
Event: 0.840 GC heap after
{Heap after GC invocations=2 (full 0):
 garbage-first heap   total 262144K, used 9263K [0x0000000701e00000, 0x0000000800000000)
  region size 1024K, 7 young (7168K), 7 survivors (7168K)
 Metaspace       used 20905K, capacity 21128K, committed 21296K, reserved 1069056K
  class space    used 2223K, capacity 2327K, committed 2432K, reserved 1048576K
}
Event: 1.491 GC heap before
{Heap before GC invocations=3 (full 0):
 garbage-first heap   total 262144K, used 70703K [0x0000000701e00000, 0x0000000800000000)
  region size 1024K, 62 young (63488K), 7 survivors (7168K)
 Metaspace       used 34206K, capacity 34671K, committed 34992K, reserved 1079296K
  class space    used 4315K, capacity 4490K, committed 4608K, reserved 1048576K
}
Event: 1.498 GC heap after
{Heap after GC invocations=4 (full 0):
 garbage-first heap   total 262144K, used 21089K [0x0000000701e00000, 0x0000000800000000)
  region size 1024K, 8 young (8192K), 8 survivors (8192K)
 Metaspace       used 34206K, capacity 34671K, committed 34992K, reserved 1079296K
  class space    used 4315K, capacity 4490K, committed 4608K, reserved 1048576K
}
Event: 1.552 GC heap before
{Heap before GC invocations=4 (full 0):
 garbage-first heap   total 262144K, used 26209K [0x0000000701e00000, 0x0000000800000000)
  region size 1024K, 14 young (14336K), 8 survivors (8192K)
 Metaspace       used 35342K, capacity 35759K, committed 35888K, reserved 1081344K
  class space    used 4428K, capacity 4618K, committed 4736K, reserved 1048576K
}
Event: 1.556 GC heap after
{Heap after GC invocations=5 (full 0):
 garbage-first heap   total 262144K, used 22113K [0x0000000701e00000, 0x0000000800000000)
  region size 1024K, 9 young (9216K), 9 survivors (9216K)
 Metaspace       used 35342K, capacity 35759K, committed 35888K, reserved 1081344K
  class space    used 4428K, capacity 4618K, committed 4736K, reserved 1048576K
}
Event: 1.629 GC heap before
{Heap before GC invocations=6 (full 0):
 garbage-first heap   total 262144K, used 29281K [0x0000000701e00000, 0x0000000800000000)
  region size 1024K, 16 young (16384K), 9 survivors (9216K)
 Metaspace       used 36268K, capacity 36762K, committed 36912K, reserved 1081344K
  class space    used 4545K, capacity 4718K, committed 4736K, reserved 1048576K
}
Event: 1.635 GC heap after
{Heap after GC invocations=7 (full 0):
 garbage-first heap   total 315392K, used 20943K [0x0000000701e00000, 0x0000000800000000)
  region size 1024K, 2 young (2048K), 2 survivors (2048K)
 Metaspace       used 36268K, capacity 36762K, committed 36912K, reserved 1081344K
  class space    used 4545K, capacity 4718K, committed 4736K, reserved 1048576K
}

Deoptimization events (20 events):
Event: 2.143 Thread 0x0000023e43947800 DEOPT PACKING pc=0x0000023e4eff0f8c sp=0x000000d5e4cfaf70
Event: 2.143 Thread 0x0000023e43947800 DEOPT UNPACKING pc=0x0000023e474668af sp=0x000000d5e4cfaea8 mode 2
Event: 2.171 Thread 0x0000023e43947800 Uncommon trap: trap_request=0xffffffc6 fr.pc=0x0000023e4eff545c relative=0x000000000000009c
Event: 2.171 Thread 0x0000023e43947800 Uncommon trap: reason=bimorphic_or_optimized_type_check action=maybe_recompile pc=0x0000023e4eff545c method=java.util.AbstractList$Itr.hasNext()Z @ 8 c2
Event: 2.171 Thread 0x0000023e43947800 DEOPT PACKING pc=0x0000023e4eff545c sp=0x000000d5e4cfc440
Event: 2.171 Thread 0x0000023e43947800 DEOPT UNPACKING pc=0x0000023e474668af sp=0x000000d5e4cfc3d8 mode 2
Event: 2.192 Thread 0x0000023e43947800 Uncommon trap: trap_request=0xffffffc6 fr.pc=0x0000023e4eff545c relative=0x000000000000009c
Event: 2.192 Thread 0x0000023e43947800 Uncommon trap: reason=bimorphic_or_optimized_type_check action=maybe_recompile pc=0x0000023e4eff545c method=java.util.AbstractList$Itr.hasNext()Z @ 8 c2
Event: 2.192 Thread 0x0000023e43947800 DEOPT PACKING pc=0x0000023e4eff545c sp=0x000000d5e4cfc090
Event: 2.192 Thread 0x0000023e43947800 DEOPT UNPACKING pc=0x0000023e474668af sp=0x000000d5e4cfc028 mode 2
Event: 2.192 Thread 0x0000023e43947800 Uncommon trap: trap_request=0xffffffc6 fr.pc=0x0000023e4eff545c relative=0x000000000000009c
Event: 2.192 Thread 0x0000023e43947800 Uncommon trap: reason=bimorphic_or_optimized_type_check action=maybe_recompile pc=0x0000023e4eff545c method=java.util.AbstractList$Itr.hasNext()Z @ 8 c2
Event: 2.192 Thread 0x0000023e43947800 DEOPT PACKING pc=0x0000023e4eff545c sp=0x000000d5e4cfc090
Event: 2.192 Thread 0x0000023e43947800 DEOPT UNPACKING pc=0x0000023e474668af sp=0x000000d5e4cfc028 mode 2
Event: 2.212 Thread 0x0000023e43947800 Uncommon trap: trap_request=0xffffffc6 fr.pc=0x0000023e4eff545c relative=0x000000000000009c
Event: 2.212 Thread 0x0000023e43947800 Uncommon trap: reason=bimorphic_or_optimized_type_check action=maybe_recompile pc=0x0000023e4eff545c method=java.util.AbstractList$Itr.hasNext()Z @ 8 c2
Event: 2.212 Thread 0x0000023e43947800 DEOPT PACKING pc=0x0000023e4eff545c sp=0x000000d5e4cfc440
Event: 2.212 Thread 0x0000023e43947800 DEOPT UNPACKING pc=0x0000023e474668af sp=0x000000d5e4cfc3d8 mode 2
Event: 2.222 Thread 0x0000023e43947800 DEOPT PACKING pc=0x0000023e47f161ff sp=0x000000d5e4cfab90
Event: 2.222 Thread 0x0000023e43947800 DEOPT UNPACKING pc=0x0000023e4746705e sp=0x000000d5e4cf9fe0 mode 0

Classes redefined (0 events):
No events

Internal exceptions (20 events):
Event: 1.005 Thread 0x0000023e43947800 Exception <a 'java/lang/NoSuchMethodError'{0x00000007110b3ec8}: 'java.lang.Object java.lang.invoke.DirectMethodHandle$Holder.invokeStatic(java.lang.Object, java.lang.Object, java.lang.Object, java.lang.Object, java.lang.Object, java.lang.Object, java.lang.Object, java.lang.Object, java.lang.Object, java.lang.Object, java.lang.Object, java.lang.Object, java.lang.Object, java.lang.Object, java.lang.Object, java.lang.Object)'> (0x00000007110b3ec8) thrown at [./src/hotspot/share/interpreter/linkResolver.cpp, l
Event: 1.006 Thread 0x0000023e43947800 Exception <a 'java/lang/NoSuchMethodError'{0x00000007110c1de0}: 'java.lang.Object java.lang.invoke.DirectMethodHandle$Holder.invokeSpecial(java.lang.Object, java.lang.Object, int, int, java.lang.Object, java.lang.Object, java.lang.Object)'> (0x00000007110c1de0) thrown at [./src/hotspot/share/interpreter/linkResolver.cpp, line 773]
Event: 1.006 Thread 0x0000023e43947800 Exception <a 'java/lang/NoSuchMethodError'{0x00000007110c5618}: 'java.lang.Object java.lang.invoke.DelegatingMethodHandle$Holder.reinvoke_L(java.lang.Object, int, int, java.lang.Object, java.lang.Object, java.lang.Object)'> (0x00000007110c5618) thrown at [./src/hotspot/share/interpreter/linkResolver.cpp, line 773]
Event: 1.007 Thread 0x0000023e43947800 Exception <a 'java/lang/NoSuchMethodError'{0x00000007110c99a0}: 'java.lang.Object java.lang.invoke.DirectMethodHandle$Holder.invokeStatic(java.lang.Object, java.lang.Object, java.lang.Object, java.lang.Object, int)'> (0x00000007110c99a0) thrown at [./src/hotspot/share/interpreter/linkResolver.cpp, line 773]
Event: 1.032 Thread 0x0000023e43947800 Exception <a 'sun/nio/fs/WindowsException'{0x0000000710e08d20}> (0x0000000710e08d20) thrown at [./src/hotspot/share/prims/jni.cpp, line 615]
Event: 1.032 Thread 0x0000023e43947800 Exception <a 'sun/nio/fs/WindowsException'{0x0000000710e09598}> (0x0000000710e09598) thrown at [./src/hotspot/share/prims/jni.cpp, line 615]
Event: 1.032 Thread 0x0000023e43947800 Exception <a 'sun/nio/fs/WindowsException'{0x0000000710e09e20}> (0x0000000710e09e20) thrown at [./src/hotspot/share/prims/jni.cpp, line 615]
Event: 1.033 Thread 0x0000023e43947800 Exception <a 'sun/nio/fs/WindowsException'{0x0000000710e0a808}> (0x0000000710e0a808) thrown at [./src/hotspot/share/prims/jni.cpp, line 615]
Event: 1.033 Thread 0x0000023e43947800 Exception <a 'sun/nio/fs/WindowsException'{0x0000000710e0b0f0}> (0x0000000710e0b0f0) thrown at [./src/hotspot/share/prims/jni.cpp, line 615]
Event: 1.033 Thread 0x0000023e43947800 Exception <a 'sun/nio/fs/WindowsException'{0x0000000710e0ba28}> (0x0000000710e0ba28) thrown at [./src/hotspot/share/prims/jni.cpp, line 615]
Event: 1.034 Thread 0x0000023e43947800 Exception <a 'java/lang/NoSuchMethodError'{0x0000000710e121e8}: 'void java.lang.invoke.DirectMethodHandle$Holder.invokeStatic(java.lang.Object, java.lang.Object, java.lang.Object, java.lang.Object)'> (0x0000000710e121e8) thrown at [./src/hotspot/share/interpreter/linkResolver.cpp, line 773]
Event: 1.073 Thread 0x0000023e43947800 Exception <a 'java/lang/NoSuchMethodError'{0x0000000710befcd8}: 'void java.lang.invoke.DirectMethodHandle$Holder.invokeStaticInit(java.lang.Object, java.lang.Object)'> (0x0000000710befcd8) thrown at [./src/hotspot/share/interpreter/linkResolver.cpp, line 773]
Event: 1.161 Thread 0x0000023e43947800 Exception <a 'java/lang/NoSuchMethodError'{0x000000071032fa10}: 'void java.lang.invoke.DirectMethodHandle$Holder.invokeVirtual(java.lang.Object, java.lang.Object)'> (0x000000071032fa10) thrown at [./src/hotspot/share/interpreter/linkResolver.cpp, line 773]
Event: 1.166 Thread 0x0000023e43947800 Exception <a 'java/lang/NoSuchMethodError'{0x00000007103a1a50}: 'int java.lang.invoke.DirectMethodHandle$Holder.invokeVirtual(java.lang.Object, java.lang.Object)'> (0x00000007103a1a50) thrown at [./src/hotspot/share/interpreter/linkResolver.cpp, line 773]
Event: 1.576 Thread 0x0000023e43947800 Exception <a 'java/lang/NoSuchMethodError'{0x0000000711cbaec0}: 'java.lang.Object java.lang.invoke.DirectMethodHandle$Holder.invokeVirtual(java.lang.Object, java.lang.Object, java.lang.Object)'> (0x0000000711cbaec0) thrown at [./src/hotspot/share/interpreter/linkResolver.cpp, line 773]
Event: 2.013 Thread 0x0000023e43947800 Exception <a 'java/lang/NoSuchMethodError'{0x0000000712d0ced8}: 'java.lang.Object java.lang.invoke.Invokers$Holder.linkToTargetMethod(java.lang.Object, int, java.lang.Object)'> (0x0000000712d0ced8) thrown at [./src/hotspot/share/interpreter/linkResolver.cpp, line 773]
Event: 2.056 Thread 0x0000023e43947800 Implicit null exception at 0x0000023e4f03744c to 0x0000023e4f037534
Event: 2.078 Thread 0x0000023e43947800 Exception <a 'java/lang/NoSuchMethodError'{0x0000000712a3ec28}: 'java.lang.Object java.lang.invoke.DirectMethodHandle$Holder.invokeStatic(java.lang.Object, java.lang.Object, java.lang.Object, int)'> (0x0000000712a3ec28) thrown at [./src/hotspot/share/interpreter/linkResolver.cpp, line 773]
Event: 2.078 Thread 0x0000023e43947800 Exception <a 'java/lang/NoSuchMethodError'{0x0000000712a42898}: 'java.lang.Object java.lang.invoke.DirectMethodHandle$Holder.invokeSpecial(java.lang.Object, java.lang.Object, java.lang.Object, java.lang.Object, int)'> (0x0000000712a42898) thrown at [./src/hotspot/share/interpreter/linkResolver.cpp, line 773]
Event: 2.079 Thread 0x0000023e43947800 Exception <a 'java/lang/NoSuchMethodError'{0x0000000712a45ba8}: 'java.lang.Object java.lang.invoke.Invokers$Holder.linkToTargetMethod(java.lang.Object, java.lang.Object, int, java.lang.Object)'> (0x0000000712a45ba8) thrown at [./src/hotspot/share/interpreter/linkResolver.cpp, line 773]

Events (20 events):
Event: 2.213 loading class org/jetbrains/kotlin/com/google/common/collect/SingletonImmutableBiMap
Event: 2.213 loading class org/jetbrains/kotlin/com/google/common/collect/SingletonImmutableBiMap done
Event: 2.213 loading class org/jetbrains/kotlin/com/google/common/collect/RegularImmutableBiMap
Event: 2.213 loading class org/jetbrains/kotlin/com/google/common/collect/RegularImmutableBiMap done
Event: 2.215 loading class org/jetbrains/kotlin/resolve/LazyExplicitImportScope
Event: 2.215 loading class org/jetbrains/kotlin/resolve/LazyExplicitImportScope done
Event: 2.215 loading class org/jetbrains/kotlin/utils/CallOnceFunction
Event: 2.215 loading class org/jetbrains/kotlin/utils/CallOnceFunction done
Event: 2.216 loading class org/jetbrains/kotlin/resolve/QualifiedExpressionResolver$processSingleImport$1
Event: 2.216 loading class org/jetbrains/kotlin/resolve/QualifiedExpressionResolver$processSingleImport$1 done
Event: 2.216 loading class org/jetbrains/kotlin/resolve/lazy/descriptors/LazyAnnotationDescriptor
Event: 2.216 loading class org/jetbrains/kotlin/resolve/lazy/descriptors/LazyAnnotationDescriptor done
Event: 2.217 loading class org/jetbrains/kotlin/resolve/lazy/descriptors/LazyAnnotationDescriptor$type$2
Event: 2.217 loading class org/jetbrains/kotlin/resolve/lazy/descriptors/LazyAnnotationDescriptor$type$2 done
Event: 2.217 loading class org/jetbrains/kotlin/resolve/lazy/descriptors/LazyAnnotationDescriptor$type$3
Event: 2.217 loading class org/jetbrains/kotlin/resolve/lazy/descriptors/LazyAnnotationDescriptor$type$3 done
Event: 2.217 loading class org/jetbrains/kotlin/resolve/lazy/descriptors/LazyAnnotationDescriptor$allValueArguments$2
Event: 2.217 loading class org/jetbrains/kotlin/resolve/lazy/descriptors/LazyAnnotationDescriptor$allValueArguments$2 done
Event: 2.217 loading class org/jetbrains/kotlin/descriptors/annotations/TargetedAnnotations
Event: 2.217 loading class org/jetbrains/kotlin/descriptors/annotations/TargetedAnnotations done


Dynamic libraries:
0x00007ff73e530000 - 0x00007ff73e53a000 	C:\android\studio\jre\bin\java.exe
0x00007ff99af70000 - 0x00007ff99b166000 	C:\WINDOWS\SYSTEM32\ntdll.dll
0x00007ff998fd0000 - 0x00007ff99908d000 	C:\WINDOWS\System32\KERNEL32.DLL
0x00007ff998740000 - 0x00007ff998a09000 	C:\WINDOWS\System32\KERNELBASE.dll
0x0000000055b50000 - 0x0000000055bf6000 	C:\WINDOWS\System32\SYSFER.DLL
0x00007ff998b60000 - 0x00007ff998c60000 	C:\WINDOWS\System32\ucrtbase.dll
0x00007ff98cc90000 - 0x00007ff98cca9000 	C:\android\studio\jre\bin\jli.dll
0x00007ff9920f0000 - 0x00007ff992107000 	C:\android\studio\jre\bin\VCRUNTIME140.dll
0x00007ff9990e0000 - 0x00007ff999280000 	C:\WINDOWS\System32\USER32.dll
0x00007ff998a10000 - 0x00007ff998a32000 	C:\WINDOWS\System32\win32u.dll
0x00007ff9995e0000 - 0x00007ff99960a000 	C:\WINDOWS\System32\GDI32.dll
0x00007ff992ef0000 - 0x00007ff99318b000 	C:\WINDOWS\WinSxS\amd64_microsoft.windows.common-controls_6595b64144ccf1df_6.0.19041.746_none_ca02b4b61b8320a4\COMCTL32.dll
0x00007ff998ec0000 - 0x00007ff998fcb000 	C:\WINDOWS\System32\gdi32full.dll
0x00007ff999900000 - 0x00007ff99999e000 	C:\WINDOWS\System32\msvcrt.dll
0x00007ff998ac0000 - 0x00007ff998b5d000 	C:\WINDOWS\System32\msvcp_win.dll
0x00007ff999090000 - 0x00007ff9990c0000 	C:\WINDOWS\System32\IMM32.DLL
0x00007ff9793c0000 - 0x00007ff97945d000 	C:\android\studio\jre\bin\msvcp140.dll
0x00007ff9563a0000 - 0x00007ff956e75000 	C:\android\studio\jre\bin\server\jvm.dll
0x00007ff999a00000 - 0x00007ff999aac000 	C:\WINDOWS\System32\ADVAPI32.dll
0x00007ff99ab20000 - 0x00007ff99abbc000 	C:\WINDOWS\System32\sechost.dll
0x00007ff99ac80000 - 0x00007ff99adab000 	C:\WINDOWS\System32\RPCRT4.dll
0x00007ff99a4f0000 - 0x00007ff99a4f8000 	C:\WINDOWS\System32\PSAPI.DLL
0x00007ff9817a0000 - 0x00007ff9817a9000 	C:\WINDOWS\SYSTEM32\WSOCK32.dll
0x00007ff99aec0000 - 0x00007ff99af2b000 	C:\WINDOWS\System32\WS2_32.dll
0x00007ff98ce00000 - 0x00007ff98ce27000 	C:\WINDOWS\SYSTEM32\WINMM.dll
0x00007ff992b10000 - 0x00007ff992b1a000 	C:\WINDOWS\SYSTEM32\VERSION.dll
0x00007ff996620000 - 0x00007ff996632000 	C:\WINDOWS\SYSTEM32\kernel.appcore.dll
0x00007ff996010000 - 0x00007ff996021000 	C:\android\studio\jre\bin\verify.dll
0x00007ff980cd0000 - 0x00007ff980eb4000 	C:\WINDOWS\SYSTEM32\DBGHELP.DLL
0x00007ff9808d0000 - 0x00007ff9808fc000 	C:\WINDOWS\SYSTEM32\dbgcore.DLL
0x00007ff998a40000 - 0x00007ff998ac0000 	C:\WINDOWS\System32\bcryptPrimitives.dll
0x00007ff993ce0000 - 0x00007ff993d09000 	C:\android\studio\jre\bin\java.dll
0x00007ff996040000 - 0x00007ff99604b000 	C:\android\studio\jre\bin\jimage.dll
0x00007ff994360000 - 0x00007ff994378000 	C:\android\studio\jre\bin\zip.dll
0x00007ff999c70000 - 0x00007ff99a3b2000 	C:\WINDOWS\System32\SHELL32.dll
0x00007ff996820000 - 0x00007ff996fb0000 	C:\WINDOWS\SYSTEM32\windows.storage.dll
0x00007ff999280000 - 0x00007ff9995d6000 	C:\WINDOWS\System32\combase.dll
0x00007ff998040000 - 0x00007ff99806c000 	C:\WINDOWS\SYSTEM32\Wldp.dll
0x00007ff99adb0000 - 0x00007ff99ae5e000 	C:\WINDOWS\System32\SHCORE.dll
0x00007ff99ae60000 - 0x00007ff99aeb5000 	C:\WINDOWS\System32\shlwapi.dll
0x00007ff9985e0000 - 0x00007ff998606000 	C:\WINDOWS\SYSTEM32\profapi.dll
0x00007ff994290000 - 0x00007ff9942aa000 	C:\android\studio\jre\bin\net.dll
0x00007ff9939f0000 - 0x00007ff993af0000 	C:\WINDOWS\SYSTEM32\WINHTTP.dll
0x00007ff997dc0000 - 0x00007ff997e2a000 	C:\WINDOWS\system32\mswsock.dll
0x00007ff98cd30000 - 0x00007ff98cd44000 	C:\android\studio\jre\bin\nio.dll

dbghelp: loaded successfully - version: 4.0.5 - missing functions: none
symbol engine: initialized successfully - sym options: 0x614 - pdb path: (cannot be retrieved)

VM Arguments:
java_command: org.jetbrains.kotlin.cli.jvm.K2JVMCompiler @C:\work\TestOll\app\build\20220214_13496678415057107472.compiler.options
java_class_path (initial): C:\Users\User\.gradle\caches\modules-2\files-2.1\org.jetbrains.kotlin\kotlin-compiler-embeddable\1.6.10\88f2073f4020cdb83132cfe940ceb9a60aba54ea\kotlin-compiler-embeddable-1.6.10.jar;C:\Users\User\.gradle\caches\modules-2\files-2.1\org.jetbrains.kotlin\kotlin-reflect\1.6.10\1cbe9c92c12a94eea200d23c2bbaedaf3daf5132\kotlin-reflect-1.6.10.jar;C:\Users\User\.gradle\caches\modules-2\files-2.1\org.jetbrains.kotlin\kotlin-stdlib\1.6.10\b8af3fe6f1ca88526914929add63cf5e7c5049af\kotlin-stdlib-1.6.10.jar;C:\Users\User\.gradle\caches\modules-2\files-2.1\org.jetbrains.kotlin\kotlin-script-runtime\1.6.10\d0a7ff2e2500ef497ed0214ae40ad3c8387a6164\kotlin-script-runtime-1.6.10.jar;C:\Users\User\.gradle\caches\modules-2\files-2.1\org.jetbrains.kotlin\kotlin-daemon-embeddable\1.6.10\a56d79bcbea411fa6058e4ecffc2de73e742bd2a\kotlin-daemon-embeddable-1.6.10.jar;C:\Users\User\.gradle\caches\modules-2\files-2.1\org.jetbrains.intellij.deps\trove4j\1.0.20181211\216c2e14b070f334479d800987affe4054cd563f\trove4j-1.0.20181211.jar;C:\Users\User\.gradle\caches\modules-2\files-2.1\net.java.dev.jna\jna\5.6.0\330f2244e9030119ab3030fc3fededc86713d9cc\jna-5.6.0.jar;C:\Users\User\.gradle\caches\modules-2\files-2.1\org.jetbrains\annotations\13.0\919f0dfe192fb4e063e7dacadee7f8bb9a2672a9\annotations-13.0.jar;C:\Users\User\.gradle\caches\modules-2\files-2.1\org.jetbrains.kotlin\kotlin-stdlib-common\1.6.10\c118700e3a33c8a0d9adc920e9dec0831171925\kotlin-stdlib-common-1.6.10.jar
Launcher Type: SUN_STANDARD

[Global flags]
     intx CICompilerCount                          = 3                                         {product} {ergonomic}
     uint ConcGCThreads                            = 2                                         {product} {ergonomic}
     uint G1ConcRefinementThreads                  = 6                                         {product} {ergonomic}
   size_t G1HeapRegionSize                         = 1048576                                   {product} {ergonomic}
    uintx GCDrainStackTargetSize                   = 64                                        {product} {ergonomic}
   size_t InitialHeapSize                          = 268435456                                 {product} {ergonomic}
   size_t MarkStackSize                            = 4194304                                   {product} {ergonomic}
   size_t MaxHeapSize                              = 4263510016                                {product} {ergonomic}
   size_t MaxNewSize                               = 2557476864                                {product} {ergonomic}
   size_t MinHeapDeltaBytes                        = 1048576                                   {product} {ergonomic}
    uintx NonNMethodCodeHeapSize                   = 5830732                                {pd product} {ergonomic}
    uintx NonProfiledCodeHeapSize                  = 122913754                              {pd product} {ergonomic}
    uintx ProfiledCodeHeapSize                     = 122913754                              {pd product} {ergonomic}
    uintx ReservedCodeCacheSize                    = 251658240                              {pd product} {ergonomic}
     bool SegmentedCodeCache                       = true                                      {product} {ergonomic}
     bool UseCompressedClassPointers               = true                                 {lp64_product} {ergonomic}
     bool UseCompressedOops                        = true                                 {lp64_product} {ergonomic}
     bool UseG1GC                                  = true                                      {product} {ergonomic}
     bool UseLargePagesIndividualAllocation        = false                                  {pd product} {ergonomic}

Logging:
Log output configuration:
 #0: stdout all=warning uptime,level,tags
 #1: stderr all=off uptime,level,tags

Environment Variables:
JAVA_HOME=C:\Program Files\Java\jdk1.8.0_202
PATH=C:\Program Files (x86)\Common Files\Oracle\Java\javapath;C:\WINDOWS\system32;C:\WINDOWS;C:\WINDOWS\System32\Wbem;C:\WINDOWS\System32\WindowsPowerShell\v1.0\;C:\Program Files\Java\jdk1.8.0_202;C:\WINDOWS\System32\OpenSSH\;C:\Program Files\Git\cmd;C:\Users\User\AppData\Local\Microsoft\WindowsApps;C:\Program Files\Java\jdk1.8.0_202;
USERNAME=User
OS=Windows_NT
PROCESSOR_IDENTIFIER=Intel64 Family 6 Model 158 Stepping 10, GenuineIntel



---------------  S Y S T E M  ---------------

OS: Windows 10 , 64 bit Build 19041 (10.0.19041.804)
OS uptime: 56 days 0:41 hours

CPU:total 6 (initial active 6) (6 cores per cpu, 1 threads per core) family 6 model 158 stepping 10 microcode 0xb4, cmov, cx8, fxsr, mmx, sse, sse2, sse3, ssse3, sse4.1, sse4.2, popcnt, avx, avx2, aes, clmul, erms, 3dnowpref, lzcnt, tsc, tscinvbit, bmi1, bmi2, adx, fma

Memory: 4k page, system-wide physical 16260M (3843M free)
TotalPageFile size 44678M (AvailPageFile size 5M)
current process WorkingSet (physical memory assigned to process): 321M, peak: 321M
current process commit charge ("private bytes"): 524M, peak: 524M

vm_info: OpenJDK 64-Bit Server VM (11.0.11+9-b60-7590822) for windows-amd64 JRE (11.0.11+9-b60-7590822), built on Jul 29 2021 21:43:44 by "builder" with MS VC++ 14.0 (VS2015)

END.
